Using pre-set license

 COMMAND LINE ARGUMENTS:
/Applications/Unity/Hub/Editor/2020.3.14f1/Unity.app/Contents/MacOS/Unity
-adb2
-batchMode
-noUpm
-name
AssetImportWorker0
-projectPath
/Users/eungyugim/Documents/GitHub/UnityStreamingAssets/StreamingAssets
-logFile
Logs/AssetImportWorker0.log
-srvPort
49276
Successfully changed project path to: /Users/eungyugim/Documents/GitHub/UnityStreamingAssets/StreamingAssets
/Users/eungyugim/Documents/GitHub/UnityStreamingAssets/StreamingAssets
Using Asset Import Pipeline V2.
Refreshing native plugins compatible for Editor in 38.00 ms, found 2 plugins.
Preloading 0 native plugins for Editor in 0.00 ms.
Initialize engine version: 2020.3.14f1 (d0d1bb862f9d)
[Subsystems] Discovering subsystems at path /Applications/Unity/Hub/Editor/2020.3.14f1/Unity.app/Contents/Resources/UnitySubsystems
[Subsystems] Discovering subsystems at path /Users/eungyugim/Documents/GitHub/UnityStreamingAssets/StreamingAssets/Assets
GfxDevice: creating device client; threaded=0
2022-03-27 10:07:39.978 Unity[1634:34945] (null) preferred device: Apple M1 Pro (high power)
2022-03-27 10:07:39.978 Unity[1634:34945] Metal devices available: 1
2022-03-27 10:07:39.978 Unity[1634:34945] 0: Apple M1 Pro (high power)
2022-03-27 10:07:39.978 Unity[1634:34945] Using device Apple M1 Pro (high power)
Initializing Metal device caps: Apple M1 Pro
Initialize mono
Mono path[0] = '/Applications/Unity/Hub/Editor/2020.3.14f1/Unity.app/Contents/Managed'
Mono path[1] = '/Applications/Unity/Hub/Editor/2020.3.14f1/Unity.app/Contents/MonoBleedingEdge/lib/mono/unityjit'
Mono config path = '/Applications/Unity/Hub/Editor/2020.3.14f1/Unity.app/Contents/MonoBleedingEdge/etc'
Using monoOptions --debugger-agent=transport=dt_socket,embedding=1,server=y,suspend=n,address=127.0.0.1:56634
Begin MonoManager ReloadAssembly
Registering precompiled unity dll's ...
Register platform support module: /Applications/Unity/Hub/Editor/2020.3.14f1/Unity.app/Contents/PlaybackEngines/MacStandaloneSupport/UnityEditor.OSXStandalone.Extensions.dll
Registered in 0.002251 seconds.
Native extension for OSXStandalone target not found
Refreshing native plugins compatible for Editor in 37.25 ms, found 2 plugins.
Preloading 0 native plugins for Editor in 0.00 ms.
Mono: successfully reloaded assembly
- Completed reload, in  2.882 seconds
Domain Reload Profiling:
	ReloadAssembly (2883ms)
		BeginReloadAssembly (82ms)
			ExecutionOrderSort (0ms)
			DisableScriptedObjects (0ms)
			BackupInstance (0ms)
			ReleaseScriptingObjects (0ms)
			CreateAndSetChildDomain (2ms)
		EndReloadAssembly (858ms)
			LoadAssemblies (80ms)
			RebuildTransferFunctionScriptingTraits (0ms)
			SetupTypeCache (170ms)
			ReleaseScriptCaches (0ms)
			RebuildScriptCaches (40ms)
			SetupLoadedEditorAssemblies (499ms)
				LogAssemblyErrors (0ms)
				InitializePlatformSupportModulesInManaged (9ms)
				SetLoadedEditorAssemblies (0ms)
				RefreshPlugins (37ms)
				BeforeProcessingInitializeOnLoad (66ms)
				ProcessInitializeOnLoadAttributes (284ms)
				ProcessInitializeOnLoadMethodAttributes (102ms)
				AfterProcessingInitializeOnLoad (0ms)
				EditorAssembliesLoaded (1ms)
			ExecutionOrderSort2 (0ms)
			AwakeInstancesAfterBackupRestoration (0ms)
Platform modules already initialized, skipping
Registering precompiled user dll's ...
Registered in 0.005066 seconds.
Begin MonoManager ReloadAssembly
Native extension for OSXStandalone target not found
Refreshing native plugins compatible for Editor in 0.46 ms, found 2 plugins.
Preloading 0 native plugins for Editor in 0.00 ms.
Mono: successfully reloaded assembly
- Completed reload, in  2.104 seconds
Domain Reload Profiling:
	ReloadAssembly (2105ms)
		BeginReloadAssembly (249ms)
			ExecutionOrderSort (0ms)
			DisableScriptedObjects (31ms)
			BackupInstance (0ms)
			ReleaseScriptingObjects (0ms)
			CreateAndSetChildDomain (30ms)
		EndReloadAssembly (1769ms)
			LoadAssemblies (191ms)
			RebuildTransferFunctionScriptingTraits (0ms)
			SetupTypeCache (326ms)
			ReleaseScriptCaches (0ms)
			RebuildScriptCaches (53ms)
			SetupLoadedEditorAssemblies (959ms)
				LogAssemblyErrors (0ms)
				InitializePlatformSupportModulesInManaged (13ms)
				SetLoadedEditorAssemblies (1ms)
				RefreshPlugins (0ms)
				BeforeProcessingInitializeOnLoad (190ms)
				ProcessInitializeOnLoadAttributes (725ms)
				ProcessInitializeOnLoadMethodAttributes (27ms)
				AfterProcessingInitializeOnLoad (1ms)
				EditorAssembliesLoaded (1ms)
			ExecutionOrderSort2 (0ms)
			AwakeInstancesAfterBackupRestoration (30ms)
Platform modules already initialized, skipping
========================================================================
Worker process is ready to serve import requests
Launching external process: /Applications/Unity/Hub/Editor/2020.3.14f1/Unity.app/Contents/Tools/UnityShaderCompiler
Launched and connected shader compiler UnityShaderCompiler after 0.02 seconds
Refreshing native plugins compatible for Editor in 0.40 ms, found 2 plugins.
Preloading 0 native plugins for Editor in 0.00 ms.
Unloading 1894 Unused Serialized files (Serialized files now loaded: 0)
System memory in use before: 174.7 MB.
System memory in use after: 174.7 MB.

Unloading 22 unused Assets to reduce memory usage. Loaded Objects now: 2327.
Total: 1.624959 ms (FindLiveObjects: 0.126375 ms CreateObjectMapping: 0.036625 ms MarkObjects: 1.342625 ms  DeleteObjects: 0.118583 ms)

AssetImportParameters requested are different than current active one (requested -> active):
  custom:video-decoder-ogg-theora: a1e56fd34408186e4bbccfd4996cb3dc -> 
  custom:container-muxer-webm: aa71ff27fc2769a1b78a27578f13a17b -> 
  custom:container-demuxer-webm: 4f35f7cbe854078d1ac9338744f61a02 -> 
  custom:container-demuxer-ogg: 62fdf1f143b41e24485cea50d1cbac27 -> 
  custom:video-encoder-webm-vp8: eb34c28f22e8b96e1ab97ce403110664 -> 
  custom:framework-osx-AVFoundation: e770b220cccbd017edd2c1fefb359320 -> 
  custom:video-decoder-webm-vp8: 9c59270c3fd7afecdb556c50c9e8de78 -> 
  custom:audio-decoder-ogg-vorbis: bf7c407c2cedff20999df2af8eb42d56 -> 
  custom:audio-encoder-webm-vorbis: bf7c407c2cedff20999df2af8eb42d56 -> 
========================================================================
Received Import Request.
  path: Assets/Scenes/LevelDesignDemo.unity
  artifactKey: Guid(7a2b7a65fa1024915969a89f9e95882c) Importer(815301076,1909f56bfc062723c751e8b465ee728b)
Start importing Assets/Scenes/LevelDesignDemo.unity using Guid(7a2b7a65fa1024915969a89f9e95882c) Importer(815301076,1909f56bfc062723c751e8b465ee728b)  -> (artifact id: '9fbaeeec6419e61c445418b4927ce61b') in 0.015498 seconds 
  Import took 0.017730 seconds .

========================================================================
Received Prepare
Registering precompiled user dll's ...
Registered in 0.002099 seconds.
Begin MonoManager ReloadAssembly
Native extension for OSXStandalone target not found
Refreshing native plugins compatible for Editor in 0.45 ms, found 2 plugins.
Preloading 0 native plugins for Editor in 0.00 ms.
Mono: successfully reloaded assembly
- Completed reload, in  1.961 seconds
Domain Reload Profiling:
	ReloadAssembly (1961ms)
		BeginReloadAssembly (200ms)
			ExecutionOrderSort (0ms)
			DisableScriptedObjects (28ms)
			BackupInstance (0ms)
			ReleaseScriptingObjects (0ms)
			CreateAndSetChildDomain (56ms)
		EndReloadAssembly (1676ms)
			LoadAssemblies (173ms)
			RebuildTransferFunctionScriptingTraits (0ms)
			SetupTypeCache (311ms)
			ReleaseScriptCaches (1ms)
			RebuildScriptCaches (46ms)
			SetupLoadedEditorAssemblies (918ms)
				LogAssemblyErrors (0ms)
				InitializePlatformSupportModulesInManaged (13ms)
				SetLoadedEditorAssemblies (1ms)
				RefreshPlugins (0ms)
				BeforeProcessingInitializeOnLoad (185ms)
				ProcessInitializeOnLoadAttributes (695ms)
				ProcessInitializeOnLoadMethodAttributes (23ms)
				AfterProcessingInitializeOnLoad (1ms)
				EditorAssembliesLoaded (0ms)
			ExecutionOrderSort2 (0ms)
			AwakeInstancesAfterBackupRestoration (29ms)
Platform modules already initialized, skipping
Refreshing native plugins compatible for Editor in 0.42 ms, found 2 plugins.
Preloading 0 native plugins for Editor in 0.00 ms.
Unloading 1888 Unused Serialized files (Serialized files now loaded: 0)
System memory in use before: 173.1 MB.
System memory in use after: 173.1 MB.

Unloading 18 unused Assets to reduce memory usage. Loaded Objects now: 2364.
Total: 1.559750 ms (FindLiveObjects: 0.113875 ms CreateObjectMapping: 0.035125 ms MarkObjects: 1.323417 ms  DeleteObjects: 0.086667 ms)

AssetImportParameters requested are different than current active one (requested -> active):
  custom:video-decoder-ogg-theora: a1e56fd34408186e4bbccfd4996cb3dc -> 
  custom:container-muxer-webm: aa71ff27fc2769a1b78a27578f13a17b -> 
  custom:container-demuxer-webm: 4f35f7cbe854078d1ac9338744f61a02 -> 
  custom:container-demuxer-ogg: 62fdf1f143b41e24485cea50d1cbac27 -> 
  custom:video-encoder-webm-vp8: eb34c28f22e8b96e1ab97ce403110664 -> 
  custom:framework-osx-AVFoundation: e770b220cccbd017edd2c1fefb359320 -> 
  custom:video-decoder-webm-vp8: 9c59270c3fd7afecdb556c50c9e8de78 -> 
  custom:audio-decoder-ogg-vorbis: bf7c407c2cedff20999df2af8eb42d56 -> 
  custom:audio-encoder-webm-vorbis: bf7c407c2cedff20999df2af8eb42d56 -> 
========================================================================
Received Import Request.
  Time since last request: 697.473681 seconds.
  path: Assets/Scenes/LevelDesignDemo.unity
  artifactKey: Guid(7a2b7a65fa1024915969a89f9e95882c) Importer(815301076,1909f56bfc062723c751e8b465ee728b)
Start importing Assets/Scenes/LevelDesignDemo.unity using Guid(7a2b7a65fa1024915969a89f9e95882c) Importer(815301076,1909f56bfc062723c751e8b465ee728b)  -> (artifact id: 'df8799adaac51697eb09f0cd03b6527d') in 0.018068 seconds 
  Import took 0.022529 seconds .

========================================================================
Received Prepare
Registering precompiled user dll's ...
Registered in 0.001253 seconds.
Begin MonoManager ReloadAssembly
Native extension for OSXStandalone target not found
Refreshing native plugins compatible for Editor in 0.43 ms, found 2 plugins.
Preloading 0 native plugins for Editor in 0.00 ms.
Mono: successfully reloaded assembly
- Completed reload, in  2.146 seconds
Domain Reload Profiling:
	ReloadAssembly (2148ms)
		BeginReloadAssembly (240ms)
			ExecutionOrderSort (0ms)
			DisableScriptedObjects (31ms)
			BackupInstance (0ms)
			ReleaseScriptingObjects (0ms)
			CreateAndSetChildDomain (59ms)
		EndReloadAssembly (1820ms)
			LoadAssemblies (200ms)
			RebuildTransferFunctionScriptingTraits (0ms)
			SetupTypeCache (317ms)
			ReleaseScriptCaches (1ms)
			RebuildScriptCaches (46ms)
			SetupLoadedEditorAssemblies (1029ms)
				LogAssemblyErrors (0ms)
				InitializePlatformSupportModulesInManaged (13ms)
				SetLoadedEditorAssemblies (1ms)
				RefreshPlugins (0ms)
				BeforeProcessingInitializeOnLoad (189ms)
				ProcessInitializeOnLoadAttributes (794ms)
				ProcessInitializeOnLoadMethodAttributes (30ms)
				AfterProcessingInitializeOnLoad (1ms)
				EditorAssembliesLoaded (0ms)
			ExecutionOrderSort2 (0ms)
			AwakeInstancesAfterBackupRestoration (35ms)
Platform modules already initialized, skipping
Refreshing native plugins compatible for Editor in 0.45 ms, found 2 plugins.
Preloading 0 native plugins for Editor in 0.00 ms.
Unloading 1888 Unused Serialized files (Serialized files now loaded: 0)
System memory in use before: 173.4 MB.
System memory in use after: 173.5 MB.

Unloading 17 unused Assets to reduce memory usage. Loaded Objects now: 2366.
Total: 1.694584 ms (FindLiveObjects: 0.146792 ms CreateObjectMapping: 0.034334 ms MarkObjects: 1.404708 ms  DeleteObjects: 0.107875 ms)

AssetImportParameters requested are different than current active one (requested -> active):
  custom:video-decoder-ogg-theora: a1e56fd34408186e4bbccfd4996cb3dc -> 
  custom:container-muxer-webm: aa71ff27fc2769a1b78a27578f13a17b -> 
  custom:container-demuxer-webm: 4f35f7cbe854078d1ac9338744f61a02 -> 
  custom:container-demuxer-ogg: 62fdf1f143b41e24485cea50d1cbac27 -> 
  custom:video-encoder-webm-vp8: eb34c28f22e8b96e1ab97ce403110664 -> 
  custom:framework-osx-AVFoundation: e770b220cccbd017edd2c1fefb359320 -> 
  custom:video-decoder-webm-vp8: 9c59270c3fd7afecdb556c50c9e8de78 -> 
  custom:audio-decoder-ogg-vorbis: bf7c407c2cedff20999df2af8eb42d56 -> 
  custom:audio-encoder-webm-vorbis: bf7c407c2cedff20999df2af8eb42d56 -> 
========================================================================
Received Import Request.
  Time since last request: 148.527047 seconds.
  path: Assets/Scenes/LevelDesignDemo.unity
  artifactKey: Guid(7a2b7a65fa1024915969a89f9e95882c) Importer(815301076,1909f56bfc062723c751e8b465ee728b)
Start importing Assets/Scenes/LevelDesignDemo.unity using Guid(7a2b7a65fa1024915969a89f9e95882c) Importer(815301076,1909f56bfc062723c751e8b465ee728b)  -> (artifact id: '142a4fb5c1f200c8532cd109e2b3ce5d') in 0.018666 seconds 
  Import took 0.021638 seconds .

========================================================================
Received Prepare
Registering precompiled user dll's ...
Registered in 0.002003 seconds.
Begin MonoManager ReloadAssembly
Native extension for OSXStandalone target not found
Refreshing native plugins compatible for Editor in 0.44 ms, found 2 plugins.
Preloading 0 native plugins for Editor in 0.00 ms.
Mono: successfully reloaded assembly
- Completed reload, in  2.011 seconds
Domain Reload Profiling:
	ReloadAssembly (2012ms)
		BeginReloadAssembly (200ms)
			ExecutionOrderSort (0ms)
			DisableScriptedObjects (28ms)
			BackupInstance (0ms)
			ReleaseScriptingObjects (0ms)
			CreateAndSetChildDomain (55ms)
		EndReloadAssembly (1723ms)
			LoadAssemblies (175ms)
			RebuildTransferFunctionScriptingTraits (0ms)
			SetupTypeCache (310ms)
			ReleaseScriptCaches (1ms)
			RebuildScriptCaches (46ms)
			SetupLoadedEditorAssemblies (954ms)
				LogAssemblyErrors (0ms)
				InitializePlatformSupportModulesInManaged (14ms)
				SetLoadedEditorAssemblies (1ms)
				RefreshPlugins (0ms)
				BeforeProcessingInitializeOnLoad (187ms)
				ProcessInitializeOnLoadAttributes (725ms)
				ProcessInitializeOnLoadMethodAttributes (25ms)
				AfterProcessingInitializeOnLoad (1ms)
				EditorAssembliesLoaded (0ms)
			ExecutionOrderSort2 (0ms)
			AwakeInstancesAfterBackupRestoration (31ms)
Platform modules already initialized, skipping
Refreshing native plugins compatible for Editor in 0.39 ms, found 2 plugins.
Preloading 0 native plugins for Editor in 0.00 ms.
Unloading 1888 Unused Serialized files (Serialized files now loaded: 0)
System memory in use before: 173.7 MB.
System memory in use after: 173.8 MB.

Unloading 17 unused Assets to reduce memory usage. Loaded Objects now: 2368.
Total: 1.534208 ms (FindLiveObjects: 0.102750 ms CreateObjectMapping: 0.034083 ms MarkObjects: 1.312083 ms  DeleteObjects: 0.084542 ms)

AssetImportParameters requested are different than current active one (requested -> active):
  custom:video-decoder-ogg-theora: a1e56fd34408186e4bbccfd4996cb3dc -> 
  custom:container-muxer-webm: aa71ff27fc2769a1b78a27578f13a17b -> 
  custom:container-demuxer-webm: 4f35f7cbe854078d1ac9338744f61a02 -> 
  custom:container-demuxer-ogg: 62fdf1f143b41e24485cea50d1cbac27 -> 
  custom:video-encoder-webm-vp8: eb34c28f22e8b96e1ab97ce403110664 -> 
  custom:framework-osx-AVFoundation: e770b220cccbd017edd2c1fefb359320 -> 
  custom:video-decoder-webm-vp8: 9c59270c3fd7afecdb556c50c9e8de78 -> 
  custom:audio-decoder-ogg-vorbis: bf7c407c2cedff20999df2af8eb42d56 -> 
  custom:audio-encoder-webm-vorbis: bf7c407c2cedff20999df2af8eb42d56 -> 
========================================================================
Received Import Request.
  Time since last request: 899.459335 seconds.
  path: Assets/unity-chan!/Unity-chan! Model/Art/Animations/Animators/UnityChanActionCheck 1.controller
  artifactKey: Guid(5e4f7293c35ca40088c0b7432bfbdd0c) Importer(815301076,1909f56bfc062723c751e8b465ee728b)
Start importing Assets/unity-chan!/Unity-chan! Model/Art/Animations/Animators/UnityChanActionCheck 1.controller using Guid(5e4f7293c35ca40088c0b7432bfbdd0c) Importer(815301076,1909f56bfc062723c751e8b465ee728b)  -> (artifact id: 'ef9dda0104056ef8e7149153b674712b') in 0.588705 seconds 
  Import took 0.595619 seconds .

========================================================================
Received Import Request.
  Time since last request: 29.567022 seconds.
  path: Assets/Scenes/LevelDesignDemo.unity
  artifactKey: Guid(7a2b7a65fa1024915969a89f9e95882c) Importer(815301076,1909f56bfc062723c751e8b465ee728b)
Start importing Assets/Scenes/LevelDesignDemo.unity using Guid(7a2b7a65fa1024915969a89f9e95882c) Importer(815301076,1909f56bfc062723c751e8b465ee728b)  -> (artifact id: '33885265fe13044735e1c2b03a5188f9') in 0.001792 seconds 
  Import took 0.004706 seconds .

========================================================================
Received Import Request.
  Time since last request: 0.001101 seconds.
  path: Assets/Scenes/LevelDesignDemo.unity
  artifactKey: Guid(7a2b7a65fa1024915969a89f9e95882c) Importer(815301076,1909f56bfc062723c751e8b465ee728b)
Start importing Assets/Scenes/LevelDesignDemo.unity using Guid(7a2b7a65fa1024915969a89f9e95882c) Importer(815301076,1909f56bfc062723c751e8b465ee728b)  -> (artifact id: '33885265fe13044735e1c2b03a5188f9') in 0.001103 seconds 
  Import took 0.003656 seconds .

========================================================================
Received Import Request.
  Time since last request: 205.095177 seconds.
  path: Assets/unity-chan!/Unity-chan! Model/Prefabs/for Locomotion
  artifactKey: Guid(9aeff261260b248328b8ce74346dc8fd) Importer(815301076,1909f56bfc062723c751e8b465ee728b)
Start importing Assets/unity-chan!/Unity-chan! Model/Prefabs/for Locomotion using Guid(9aeff261260b248328b8ce74346dc8fd) Importer(815301076,1909f56bfc062723c751e8b465ee728b)  -> (artifact id: '63a366015f26edaf11343eb56dc09405') in 0.001057 seconds 
  Import took 0.003347 seconds .

========================================================================
Received Import Request.
  Time since last request: 0.000874 seconds.
  path: Assets/unity-chan!/Unity-chan! Model/Prefabs/for Locomotion
  artifactKey: Guid(9aeff261260b248328b8ce74346dc8fd) Importer(815301076,1909f56bfc062723c751e8b465ee728b)
Start importing Assets/unity-chan!/Unity-chan! Model/Prefabs/for Locomotion using Guid(9aeff261260b248328b8ce74346dc8fd) Importer(815301076,1909f56bfc062723c751e8b465ee728b)  -> (artifact id: '63a366015f26edaf11343eb56dc09405') in 0.000652 seconds 
  Import took 0.002755 seconds .

========================================================================
Received Import Request.
  Time since last request: 10.628439 seconds.
  path: Assets/unity-chan!/Unity-chan! Model/Prefabs/for Locomotion/unitychan.prefab
  artifactKey: Guid(40046bae76ac54bffb59f14f47d9ba1b) Importer(815301076,1909f56bfc062723c751e8b465ee728b)
Start importing Assets/unity-chan!/Unity-chan! Model/Prefabs/for Locomotion/unitychan.prefab using Guid(40046bae76ac54bffb59f14f47d9ba1b) Importer(815301076,1909f56bfc062723c751e8b465ee728b)  -> (artifact id: '13115ec0cbeebefd7da83cc03b7fa524') in 0.260703 seconds 
  Import took 0.265993 seconds .

========================================================================
Received Import Request.
  Time since last request: 145.974292 seconds.
  path: Assets/Scripts/PlayerController.cs
  artifactKey: Guid(1d7c6a565be784dcdab042049f8bb07f) Importer(815301076,1909f56bfc062723c751e8b465ee728b)
Start importing Assets/Scripts/PlayerController.cs using Guid(1d7c6a565be784dcdab042049f8bb07f) Importer(815301076,1909f56bfc062723c751e8b465ee728b)  -> (artifact id: '1c4d8d9ca33659c38f76f251ac434a41') in 0.740919 seconds 
  Import took 0.743404 seconds .

========================================================================
Received Import Request.
  Time since last request: 11.883316 seconds.
  path: Assets/Scripts/CharacterController.cs
  artifactKey: Guid(2bc6ebbf342704862a6460a7aa2ffce1) Importer(815301076,1909f56bfc062723c751e8b465ee728b)
Start importing Assets/Scripts/CharacterController.cs using Guid(2bc6ebbf342704862a6460a7aa2ffce1) Importer(815301076,1909f56bfc062723c751e8b465ee728b)  -> (artifact id: 'c2aab56e982cf2d895b8f9f7898dfaef') in 0.001785 seconds 
  Import took 0.004214 seconds .

========================================================================
Received Import Request.
  Time since last request: 0.000322 seconds.
  path: Assets/Scripts/CharacterController.cs
  artifactKey: Guid(2bc6ebbf342704862a6460a7aa2ffce1) Importer(815301076,1909f56bfc062723c751e8b465ee728b)
Start importing Assets/Scripts/CharacterController.cs using Guid(2bc6ebbf342704862a6460a7aa2ffce1) Importer(815301076,1909f56bfc062723c751e8b465ee728b)  -> (artifact id: 'c2aab56e982cf2d895b8f9f7898dfaef') in 0.001543 seconds 
  Import took 0.003810 seconds .

========================================================================
Received Prepare
Registering precompiled user dll's ...
Registered in 0.002346 seconds.
Begin MonoManager ReloadAssembly
Native extension for OSXStandalone target not found
Refreshing native plugins compatible for Editor in 0.47 ms, found 2 plugins.
Preloading 0 native plugins for Editor in 0.00 ms.
Mono: successfully reloaded assembly
- Completed reload, in  2.125 seconds
Domain Reload Profiling:
	ReloadAssembly (2126ms)
		BeginReloadAssembly (207ms)
			ExecutionOrderSort (0ms)
			DisableScriptedObjects (31ms)
			BackupInstance (0ms)
			ReleaseScriptingObjects (0ms)
			CreateAndSetChildDomain (58ms)
		EndReloadAssembly (1827ms)
			LoadAssemblies (181ms)
			RebuildTransferFunctionScriptingTraits (0ms)
			SetupTypeCache (332ms)
			ReleaseScriptCaches (1ms)
			RebuildScriptCaches (47ms)
			SetupLoadedEditorAssemblies (1019ms)
				LogAssemblyErrors (0ms)
				InitializePlatformSupportModulesInManaged (14ms)
				SetLoadedEditorAssemblies (1ms)
				RefreshPlugins (0ms)
				BeforeProcessingInitializeOnLoad (187ms)
				ProcessInitializeOnLoadAttributes (787ms)
				ProcessInitializeOnLoadMethodAttributes (28ms)
				AfterProcessingInitializeOnLoad (1ms)
				EditorAssembliesLoaded (0ms)
			ExecutionOrderSort2 (0ms)
			AwakeInstancesAfterBackupRestoration (33ms)
Platform modules already initialized, skipping
Refreshing native plugins compatible for Editor in 0.44 ms, found 2 plugins.
Preloading 0 native plugins for Editor in 0.00 ms.
Unloading 1888 Unused Serialized files (Serialized files now loaded: 0)
System memory in use before: 204.0 MB.
System memory in use after: 204.0 MB.

Unloading 17 unused Assets to reduce memory usage. Loaded Objects now: 2378.
Total: 1.641875 ms (FindLiveObjects: 0.103125 ms CreateObjectMapping: 0.036833 ms MarkObjects: 1.413167 ms  DeleteObjects: 0.088167 ms)

AssetImportParameters requested are different than current active one (requested -> active):
  custom:video-decoder-ogg-theora: a1e56fd34408186e4bbccfd4996cb3dc -> 
  custom:container-muxer-webm: aa71ff27fc2769a1b78a27578f13a17b -> 
  custom:container-demuxer-webm: 4f35f7cbe854078d1ac9338744f61a02 -> 
  custom:container-demuxer-ogg: 62fdf1f143b41e24485cea50d1cbac27 -> 
  custom:video-encoder-webm-vp8: eb34c28f22e8b96e1ab97ce403110664 -> 
  custom:framework-osx-AVFoundation: e770b220cccbd017edd2c1fefb359320 -> 
  custom:video-decoder-webm-vp8: 9c59270c3fd7afecdb556c50c9e8de78 -> 
  custom:audio-decoder-ogg-vorbis: bf7c407c2cedff20999df2af8eb42d56 -> 
  custom:audio-encoder-webm-vorbis: bf7c407c2cedff20999df2af8eb42d56 -> 
========================================================================
Received Import Request.
  Time since last request: 264.199996 seconds.
  path: Assets/Scripts/CharacterMove.cs
  artifactKey: Guid(497a7565e9d6746b18947a117aebc5ab) Importer(815301076,1909f56bfc062723c751e8b465ee728b)
Start importing Assets/Scripts/CharacterMove.cs using Guid(497a7565e9d6746b18947a117aebc5ab) Importer(815301076,1909f56bfc062723c751e8b465ee728b)  -> (artifact id: '68e3c1a8cfa720e38cf682aa3486f205') in 0.006503 seconds 
  Import took 0.009136 seconds .

========================================================================
Received Prepare
Registering precompiled user dll's ...
Registered in 0.002492 seconds.
Begin MonoManager ReloadAssembly
Native extension for OSXStandalone target not found
Refreshing native plugins compatible for Editor in 0.43 ms, found 2 plugins.
Preloading 0 native plugins for Editor in 0.00 ms.
Mono: successfully reloaded assembly
- Completed reload, in  2.135 seconds
Domain Reload Profiling:
	ReloadAssembly (2136ms)
		BeginReloadAssembly (213ms)
			ExecutionOrderSort (0ms)
			DisableScriptedObjects (32ms)
			BackupInstance (0ms)
			ReleaseScriptingObjects (0ms)
			CreateAndSetChildDomain (58ms)
		EndReloadAssembly (1828ms)
			LoadAssemblies (193ms)
			RebuildTransferFunctionScriptingTraits (0ms)
			SetupTypeCache (334ms)
			ReleaseScriptCaches (1ms)
			RebuildScriptCaches (48ms)
			SetupLoadedEditorAssemblies (1007ms)
				LogAssemblyErrors (0ms)
				InitializePlatformSupportModulesInManaged (14ms)
				SetLoadedEditorAssemblies (1ms)
				RefreshPlugins (0ms)
				BeforeProcessingInitializeOnLoad (193ms)
				ProcessInitializeOnLoadAttributes (772ms)
				ProcessInitializeOnLoadMethodAttributes (25ms)
				AfterProcessingInitializeOnLoad (1ms)
				EditorAssembliesLoaded (0ms)
			ExecutionOrderSort2 (0ms)
			AwakeInstancesAfterBackupRestoration (32ms)
Platform modules already initialized, skipping
Refreshing native plugins compatible for Editor in 0.47 ms, found 2 plugins.
Preloading 0 native plugins for Editor in 0.00 ms.
Unloading 1889 Unused Serialized files (Serialized files now loaded: 0)
System memory in use before: 204.3 MB.
System memory in use after: 204.3 MB.

Unloading 17 unused Assets to reduce memory usage. Loaded Objects now: 2381.
Total: 1.667625 ms (FindLiveObjects: 0.114625 ms CreateObjectMapping: 0.036958 ms MarkObjects: 1.417083 ms  DeleteObjects: 0.098125 ms)

AssetImportParameters requested are different than current active one (requested -> active):
  custom:video-decoder-ogg-theora: a1e56fd34408186e4bbccfd4996cb3dc -> 
  custom:container-muxer-webm: aa71ff27fc2769a1b78a27578f13a17b -> 
  custom:container-demuxer-webm: 4f35f7cbe854078d1ac9338744f61a02 -> 
  custom:container-demuxer-ogg: 62fdf1f143b41e24485cea50d1cbac27 -> 
  custom:video-encoder-webm-vp8: eb34c28f22e8b96e1ab97ce403110664 -> 
  custom:framework-osx-AVFoundation: e770b220cccbd017edd2c1fefb359320 -> 
  custom:video-decoder-webm-vp8: 9c59270c3fd7afecdb556c50c9e8de78 -> 
  custom:audio-decoder-ogg-vorbis: bf7c407c2cedff20999df2af8eb42d56 -> 
  custom:audio-encoder-webm-vorbis: bf7c407c2cedff20999df2af8eb42d56 -> 
========================================================================
Received Import Request.
  Time since last request: 22.797685 seconds.
  path: Assets/Scripts/CharacterMove.cs
  artifactKey: Guid(497a7565e9d6746b18947a117aebc5ab) Importer(815301076,1909f56bfc062723c751e8b465ee728b)
Start importing Assets/Scripts/CharacterMove.cs using Guid(497a7565e9d6746b18947a117aebc5ab) Importer(815301076,1909f56bfc062723c751e8b465ee728b)  -> (artifact id: '3942a19cb398b05a129e7a7ab8734623') in 0.005753 seconds 
  Import took 0.008200 seconds .

========================================================================
Received Import Request.
  Time since last request: 0.526289 seconds.
  path: Assets/Scripts/CharacterMove.cs
  artifactKey: Guid(497a7565e9d6746b18947a117aebc5ab) Importer(815301076,1909f56bfc062723c751e8b465ee728b)
Start importing Assets/Scripts/CharacterMove.cs using Guid(497a7565e9d6746b18947a117aebc5ab) Importer(815301076,1909f56bfc062723c751e8b465ee728b)  -> (artifact id: '3f86bc61aaf2234e5dbaa6016d5e02db') in 0.001079 seconds 
  Import took 0.003788 seconds .

========================================================================
Received Prepare
Registering precompiled user dll's ...
Registered in 0.002293 seconds.
Begin MonoManager ReloadAssembly
Native extension for OSXStandalone target not found
Refreshing native plugins compatible for Editor in 0.42 ms, found 2 plugins.
Preloading 0 native plugins for Editor in 0.00 ms.
Mono: successfully reloaded assembly
- Completed reload, in  2.166 seconds
Domain Reload Profiling:
	ReloadAssembly (2167ms)
		BeginReloadAssembly (234ms)
			ExecutionOrderSort (0ms)
			DisableScriptedObjects (39ms)
			BackupInstance (0ms)
			ReleaseScriptingObjects (0ms)
			CreateAndSetChildDomain (63ms)
		EndReloadAssembly (1838ms)
			LoadAssemblies (188ms)
			RebuildTransferFunctionScriptingTraits (0ms)
			SetupTypeCache (336ms)
			ReleaseScriptCaches (1ms)
			RebuildScriptCaches (50ms)
			SetupLoadedEditorAssemblies (1009ms)
				LogAssemblyErrors (0ms)
				InitializePlatformSupportModulesInManaged (15ms)
				SetLoadedEditorAssemblies (2ms)
				RefreshPlugins (0ms)
				BeforeProcessingInitializeOnLoad (200ms)
				ProcessInitializeOnLoadAttributes (765ms)
				ProcessInitializeOnLoadMethodAttributes (25ms)
				AfterProcessingInitializeOnLoad (1ms)
				EditorAssembliesLoaded (0ms)
			ExecutionOrderSort2 (0ms)
			AwakeInstancesAfterBackupRestoration (32ms)
Platform modules already initialized, skipping
Refreshing native plugins compatible for Editor in 0.47 ms, found 2 plugins.
Preloading 0 native plugins for Editor in 0.00 ms.
Unloading 1889 Unused Serialized files (Serialized files now loaded: 0)
System memory in use before: 204.5 MB.
System memory in use after: 204.6 MB.

Unloading 17 unused Assets to reduce memory usage. Loaded Objects now: 2383.
Total: 1.733833 ms (FindLiveObjects: 0.142167 ms CreateObjectMapping: 0.039708 ms MarkObjects: 1.450416 ms  DeleteObjects: 0.100583 ms)

AssetImportParameters requested are different than current active one (requested -> active):
  custom:video-decoder-ogg-theora: a1e56fd34408186e4bbccfd4996cb3dc -> 
  custom:container-muxer-webm: aa71ff27fc2769a1b78a27578f13a17b -> 
  custom:container-demuxer-webm: 4f35f7cbe854078d1ac9338744f61a02 -> 
  custom:container-demuxer-ogg: 62fdf1f143b41e24485cea50d1cbac27 -> 
  custom:video-encoder-webm-vp8: eb34c28f22e8b96e1ab97ce403110664 -> 
  custom:framework-osx-AVFoundation: e770b220cccbd017edd2c1fefb359320 -> 
  custom:video-decoder-webm-vp8: 9c59270c3fd7afecdb556c50c9e8de78 -> 
  custom:audio-decoder-ogg-vorbis: bf7c407c2cedff20999df2af8eb42d56 -> 
  custom:audio-encoder-webm-vorbis: bf7c407c2cedff20999df2af8eb42d56 -> 
========================================================================
Received Import Request.
  Time since last request: 13.034914 seconds.
  path: Assets/Scripts/CharacterMove.cs
  artifactKey: Guid(497a7565e9d6746b18947a117aebc5ab) Importer(815301076,1909f56bfc062723c751e8b465ee728b)
Start importing Assets/Scripts/CharacterMove.cs using Guid(497a7565e9d6746b18947a117aebc5ab) Importer(815301076,1909f56bfc062723c751e8b465ee728b)  -> (artifact id: '9a944a03986164b9f2ede3aa040a67e6') in 0.005760 seconds 
  Import took 0.008480 seconds .

========================================================================
Received Prepare
Registering precompiled user dll's ...
Registered in 0.002318 seconds.
Begin MonoManager ReloadAssembly
Native extension for OSXStandalone target not found
Refreshing native plugins compatible for Editor in 0.42 ms, found 2 plugins.
Preloading 0 native plugins for Editor in 0.00 ms.
Mono: successfully reloaded assembly
- Completed reload, in  2.155 seconds
Domain Reload Profiling:
	ReloadAssembly (2156ms)
		BeginReloadAssembly (224ms)
			ExecutionOrderSort (0ms)
			DisableScriptedObjects (39ms)
			BackupInstance (0ms)
			ReleaseScriptingObjects (0ms)
			CreateAndSetChildDomain (59ms)
		EndReloadAssembly (1840ms)
			LoadAssemblies (183ms)
			RebuildTransferFunctionScriptingTraits (0ms)
			SetupTypeCache (332ms)
			ReleaseScriptCaches (1ms)
			RebuildScriptCaches (49ms)
			SetupLoadedEditorAssemblies (1030ms)
				LogAssemblyErrors (0ms)
				InitializePlatformSupportModulesInManaged (14ms)
				SetLoadedEditorAssemblies (3ms)
				RefreshPlugins (0ms)
				BeforeProcessingInitializeOnLoad (190ms)
				ProcessInitializeOnLoadAttributes (792ms)
				ProcessInitializeOnLoadMethodAttributes (28ms)
				AfterProcessingInitializeOnLoad (1ms)
				EditorAssembliesLoaded (0ms)
			ExecutionOrderSort2 (0ms)
			AwakeInstancesAfterBackupRestoration (33ms)
Platform modules already initialized, skipping
Refreshing native plugins compatible for Editor in 0.41 ms, found 2 plugins.
Preloading 0 native plugins for Editor in 0.00 ms.
Unloading 1889 Unused Serialized files (Serialized files now loaded: 0)
System memory in use before: 204.8 MB.
System memory in use after: 204.8 MB.

Unloading 17 unused Assets to reduce memory usage. Loaded Objects now: 2385.
Total: 1.684375 ms (FindLiveObjects: 0.140625 ms CreateObjectMapping: 0.038667 ms MarkObjects: 1.395875 ms  DeleteObjects: 0.108458 ms)

AssetImportParameters requested are different than current active one (requested -> active):
  custom:video-decoder-ogg-theora: a1e56fd34408186e4bbccfd4996cb3dc -> 
  custom:container-muxer-webm: aa71ff27fc2769a1b78a27578f13a17b -> 
  custom:container-demuxer-webm: 4f35f7cbe854078d1ac9338744f61a02 -> 
  custom:container-demuxer-ogg: 62fdf1f143b41e24485cea50d1cbac27 -> 
  custom:video-encoder-webm-vp8: eb34c28f22e8b96e1ab97ce403110664 -> 
  custom:framework-osx-AVFoundation: e770b220cccbd017edd2c1fefb359320 -> 
  custom:video-decoder-webm-vp8: 9c59270c3fd7afecdb556c50c9e8de78 -> 
  custom:audio-decoder-ogg-vorbis: bf7c407c2cedff20999df2af8eb42d56 -> 
  custom:audio-encoder-webm-vorbis: bf7c407c2cedff20999df2af8eb42d56 -> 
========================================================================
Received Import Request.
  Time since last request: 20.995842 seconds.
  path: Assets/Scripts/CharacterMove.cs
  artifactKey: Guid(497a7565e9d6746b18947a117aebc5ab) Importer(815301076,1909f56bfc062723c751e8b465ee728b)
Start importing Assets/Scripts/CharacterMove.cs using Guid(497a7565e9d6746b18947a117aebc5ab) Importer(815301076,1909f56bfc062723c751e8b465ee728b)  -> (artifact id: '6109f5b927ca4b637934006058c249b7') in 0.005413 seconds 
  Import took 0.007821 seconds .

========================================================================
Received Prepare
Registering precompiled user dll's ...
Registered in 0.002161 seconds.
Begin MonoManager ReloadAssembly
Native extension for OSXStandalone target not found
Refreshing native plugins compatible for Editor in 0.42 ms, found 2 plugins.
Preloading 0 native plugins for Editor in 0.00 ms.
Mono: successfully reloaded assembly
- Completed reload, in  2.097 seconds
Domain Reload Profiling:
	ReloadAssembly (2098ms)
		BeginReloadAssembly (212ms)
			ExecutionOrderSort (0ms)
			DisableScriptedObjects (30ms)
			BackupInstance (0ms)
			ReleaseScriptingObjects (0ms)
			CreateAndSetChildDomain (58ms)
		EndReloadAssembly (1796ms)
			LoadAssemblies (183ms)
			RebuildTransferFunctionScriptingTraits (0ms)
			SetupTypeCache (328ms)
			ReleaseScriptCaches (1ms)
			RebuildScriptCaches (48ms)
			SetupLoadedEditorAssemblies (991ms)
				LogAssemblyErrors (0ms)
				InitializePlatformSupportModulesInManaged (15ms)
				SetLoadedEditorAssemblies (1ms)
				RefreshPlugins (0ms)
				BeforeProcessingInitializeOnLoad (192ms)
				ProcessInitializeOnLoadAttributes (756ms)
				ProcessInitializeOnLoadMethodAttributes (26ms)
				AfterProcessingInitializeOnLoad (1ms)
				EditorAssembliesLoaded (0ms)
			ExecutionOrderSort2 (0ms)
			AwakeInstancesAfterBackupRestoration (33ms)
Platform modules already initialized, skipping
Refreshing native plugins compatible for Editor in 0.47 ms, found 2 plugins.
Preloading 0 native plugins for Editor in 0.00 ms.
Unloading 1889 Unused Serialized files (Serialized files now loaded: 0)
System memory in use before: 205.1 MB.
System memory in use after: 205.1 MB.

Unloading 17 unused Assets to reduce memory usage. Loaded Objects now: 2387.
Total: 1.628875 ms (FindLiveObjects: 0.130625 ms CreateObjectMapping: 0.037375 ms MarkObjects: 1.352875 ms  DeleteObjects: 0.107208 ms)

AssetImportParameters requested are different than current active one (requested -> active):
  custom:video-decoder-ogg-theora: a1e56fd34408186e4bbccfd4996cb3dc -> 
  custom:container-muxer-webm: aa71ff27fc2769a1b78a27578f13a17b -> 
  custom:container-demuxer-webm: 4f35f7cbe854078d1ac9338744f61a02 -> 
  custom:container-demuxer-ogg: 62fdf1f143b41e24485cea50d1cbac27 -> 
  custom:video-encoder-webm-vp8: eb34c28f22e8b96e1ab97ce403110664 -> 
  custom:framework-osx-AVFoundation: e770b220cccbd017edd2c1fefb359320 -> 
  custom:video-decoder-webm-vp8: 9c59270c3fd7afecdb556c50c9e8de78 -> 
  custom:audio-decoder-ogg-vorbis: bf7c407c2cedff20999df2af8eb42d56 -> 
  custom:audio-encoder-webm-vorbis: bf7c407c2cedff20999df2af8eb42d56 -> 
========================================================================
Received Import Request.
  Time since last request: 776.054525 seconds.
  path: Assets/streaming-scene2.unity
  artifactKey: Guid(4b70ea4cb35c1454190efe25de6174d6) Importer(815301076,1909f56bfc062723c751e8b465ee728b)
Start importing Assets/streaming-scene2.unity using Guid(4b70ea4cb35c1454190efe25de6174d6) Importer(815301076,1909f56bfc062723c751e8b465ee728b)  -> (artifact id: 'e6ec6053f9a89f24729a7b902f9987e8') in 0.038359 seconds 
  Import took 0.049260 seconds .

========================================================================
Received Import Request.
  Time since last request: 868.386554 seconds.
  path: Assets/Scripts/StreamingAssetExample.cs
  artifactKey: Guid(0b4b0ab18d51545f6bfa626207b56d53) Importer(815301076,1909f56bfc062723c751e8b465ee728b)
Start importing Assets/Scripts/StreamingAssetExample.cs using Guid(0b4b0ab18d51545f6bfa626207b56d53) Importer(815301076,1909f56bfc062723c751e8b465ee728b)  -> (artifact id: '16958d8da4a665902e7419283424c6f9') in 0.004018 seconds 
  Import took 0.006418 seconds .

========================================================================
Received Import Request.
  Time since last request: 0.011980 seconds.
  path: Assets/Scripts/StreamingAssetExample.cs
  artifactKey: Guid(0b4b0ab18d51545f6bfa626207b56d53) Importer(815301076,1909f56bfc062723c751e8b465ee728b)
Start importing Assets/Scripts/StreamingAssetExample.cs using Guid(0b4b0ab18d51545f6bfa626207b56d53) Importer(815301076,1909f56bfc062723c751e8b465ee728b)  -> (artifact id: '16958d8da4a665902e7419283424c6f9') in 0.000994 seconds 
  Import took 0.003153 seconds .

========================================================================
Received Import Request.
  Time since last request: 1.384557 seconds.
  path: Assets/Scripts/CharacterMove.cs
  artifactKey: Guid(497a7565e9d6746b18947a117aebc5ab) Importer(815301076,1909f56bfc062723c751e8b465ee728b)
Start importing Assets/Scripts/CharacterMove.cs using Guid(497a7565e9d6746b18947a117aebc5ab) Importer(815301076,1909f56bfc062723c751e8b465ee728b)  -> (artifact id: '50a190cdb753616058f373521ff05efe') in 0.001156 seconds 
  Import took 0.003915 seconds .

========================================================================
Received Import Request.
  Time since last request: 0.006689 seconds.
  path: Assets/Scripts/CharacterMove.cs
  artifactKey: Guid(497a7565e9d6746b18947a117aebc5ab) Importer(815301076,1909f56bfc062723c751e8b465ee728b)
Start importing Assets/Scripts/CharacterMove.cs using Guid(497a7565e9d6746b18947a117aebc5ab) Importer(815301076,1909f56bfc062723c751e8b465ee728b)  -> (artifact id: '50a190cdb753616058f373521ff05efe') in 0.001005 seconds 
  Import took 0.003333 seconds .

========================================================================
Received Import Request.
  Time since last request: 12.823686 seconds.
  path: Assets/Scripts/SceneStreamingTrigger.cs
  artifactKey: Guid(71d5cf34510eb48469567bb59b8b390b) Importer(815301076,1909f56bfc062723c751e8b465ee728b)
Start importing Assets/Scripts/SceneStreamingTrigger.cs using Guid(71d5cf34510eb48469567bb59b8b390b) Importer(815301076,1909f56bfc062723c751e8b465ee728b)  -> (artifact id: 'eaa83e2524bf0198a665094c81c7a0ca') in 0.001798 seconds 
  Import took 0.004534 seconds .

========================================================================
Received Import Request.
  Time since last request: 0.000547 seconds.
  path: Assets/Scripts/SceneStreamingTrigger.cs
  artifactKey: Guid(71d5cf34510eb48469567bb59b8b390b) Importer(815301076,1909f56bfc062723c751e8b465ee728b)
Start importing Assets/Scripts/SceneStreamingTrigger.cs using Guid(71d5cf34510eb48469567bb59b8b390b) Importer(815301076,1909f56bfc062723c751e8b465ee728b)  -> (artifact id: 'eaa83e2524bf0198a665094c81c7a0ca') in 0.001022 seconds 
  Import took 0.003339 seconds .

========================================================================
Received Prepare
Registering precompiled user dll's ...
Registered in 0.004202 seconds.
Begin MonoManager ReloadAssembly
Native extension for OSXStandalone target not found
Refreshing native plugins compatible for Editor in 0.49 ms, found 2 plugins.
Preloading 0 native plugins for Editor in 0.00 ms.
Mono: successfully reloaded assembly
- Completed reload, in  2.385 seconds
Domain Reload Profiling:
	ReloadAssembly (2387ms)
		BeginReloadAssembly (282ms)
			ExecutionOrderSort (0ms)
			DisableScriptedObjects (33ms)
			BackupInstance (0ms)
			ReleaseScriptingObjects (0ms)
			CreateAndSetChildDomain (82ms)
		EndReloadAssembly (1995ms)
			LoadAssemblies (244ms)
			RebuildTransferFunctionScriptingTraits (0ms)
			SetupTypeCache (351ms)
			ReleaseScriptCaches (1ms)
			RebuildScriptCaches (49ms)
			SetupLoadedEditorAssemblies (1101ms)
				LogAssemblyErrors (0ms)
				InitializePlatformSupportModulesInManaged (16ms)
				SetLoadedEditorAssemblies (1ms)
				RefreshPlugins (1ms)
				BeforeProcessingInitializeOnLoad (207ms)
				ProcessInitializeOnLoadAttributes (840ms)
				ProcessInitializeOnLoadMethodAttributes (35ms)
				AfterProcessingInitializeOnLoad (1ms)
				EditorAssembliesLoaded (0ms)
			ExecutionOrderSort2 (0ms)
			AwakeInstancesAfterBackupRestoration (38ms)
Platform modules already initialized, skipping
Refreshing native plugins compatible for Editor in 0.48 ms, found 2 plugins.
Preloading 0 native plugins for Editor in 0.00 ms.
Unloading 1889 Unused Serialized files (Serialized files now loaded: 0)
System memory in use before: 205.3 MB.
System memory in use after: 205.4 MB.

Unloading 17 unused Assets to reduce memory usage. Loaded Objects now: 2389.
Total: 1.802209 ms (FindLiveObjects: 0.165750 ms CreateObjectMapping: 0.038125 ms MarkObjects: 1.476750 ms  DeleteObjects: 0.120208 ms)

AssetImportParameters requested are different than current active one (requested -> active):
  custom:video-decoder-ogg-theora: a1e56fd34408186e4bbccfd4996cb3dc -> 
  custom:container-muxer-webm: aa71ff27fc2769a1b78a27578f13a17b -> 
  custom:container-demuxer-webm: 4f35f7cbe854078d1ac9338744f61a02 -> 
  custom:container-demuxer-ogg: 62fdf1f143b41e24485cea50d1cbac27 -> 
  custom:video-encoder-webm-vp8: eb34c28f22e8b96e1ab97ce403110664 -> 
  custom:framework-osx-AVFoundation: e770b220cccbd017edd2c1fefb359320 -> 
  custom:video-decoder-webm-vp8: 9c59270c3fd7afecdb556c50c9e8de78 -> 
  custom:audio-decoder-ogg-vorbis: bf7c407c2cedff20999df2af8eb42d56 -> 
  custom:audio-encoder-webm-vorbis: bf7c407c2cedff20999df2af8eb42d56 -> 
========================================================================
Received Prepare
Registering precompiled user dll's ...
Registered in 0.002628 seconds.
Begin MonoManager ReloadAssembly
Native extension for OSXStandalone target not found
Refreshing native plugins compatible for Editor in 0.50 ms, found 2 plugins.
Preloading 0 native plugins for Editor in 0.00 ms.
Mono: successfully reloaded assembly
- Completed reload, in  2.216 seconds
Domain Reload Profiling:
	ReloadAssembly (2217ms)
		BeginReloadAssembly (221ms)
			ExecutionOrderSort (0ms)
			DisableScriptedObjects (33ms)
			BackupInstance (0ms)
			ReleaseScriptingObjects (0ms)
			CreateAndSetChildDomain (59ms)
		EndReloadAssembly (1903ms)
			LoadAssemblies (196ms)
			RebuildTransferFunctionScriptingTraits (0ms)
			SetupTypeCache (336ms)
			ReleaseScriptCaches (1ms)
			RebuildScriptCaches (48ms)
			SetupLoadedEditorAssemblies (1043ms)
				LogAssemblyErrors (0ms)
				InitializePlatformSupportModulesInManaged (14ms)
				SetLoadedEditorAssemblies (2ms)
				RefreshPlugins (1ms)
				BeforeProcessingInitializeOnLoad (203ms)
				ProcessInitializeOnLoadAttributes (795ms)
				ProcessInitializeOnLoadMethodAttributes (28ms)
				AfterProcessingInitializeOnLoad (1ms)
				EditorAssembliesLoaded (0ms)
			ExecutionOrderSort2 (0ms)
			AwakeInstancesAfterBackupRestoration (33ms)
Platform modules already initialized, skipping
Refreshing native plugins compatible for Editor in 0.45 ms, found 2 plugins.
Preloading 0 native plugins for Editor in 0.00 ms.
Unloading 1889 Unused Serialized files (Serialized files now loaded: 0)
System memory in use before: 205.8 MB.
System memory in use after: 205.9 MB.

Unloading 17 unused Assets to reduce memory usage. Loaded Objects now: 2391.
Total: 1.663167 ms (FindLiveObjects: 0.171833 ms CreateObjectMapping: 0.036125 ms MarkObjects: 1.351666 ms  DeleteObjects: 0.102458 ms)

AssetImportParameters requested are different than current active one (requested -> active):
  custom:video-decoder-ogg-theora: a1e56fd34408186e4bbccfd4996cb3dc -> 
  custom:container-muxer-webm: aa71ff27fc2769a1b78a27578f13a17b -> 
  custom:container-demuxer-webm: 4f35f7cbe854078d1ac9338744f61a02 -> 
  custom:container-demuxer-ogg: 62fdf1f143b41e24485cea50d1cbac27 -> 
  custom:video-encoder-webm-vp8: eb34c28f22e8b96e1ab97ce403110664 -> 
  custom:framework-osx-AVFoundation: e770b220cccbd017edd2c1fefb359320 -> 
  custom:video-decoder-webm-vp8: 9c59270c3fd7afecdb556c50c9e8de78 -> 
  custom:audio-decoder-ogg-vorbis: bf7c407c2cedff20999df2af8eb42d56 -> 
  custom:audio-encoder-webm-vorbis: bf7c407c2cedff20999df2af8eb42d56 -> 
========================================================================
Received Prepare
Registering precompiled user dll's ...
Registered in 0.002425 seconds.
Begin MonoManager ReloadAssembly
Native extension for OSXStandalone target not found
Refreshing native plugins compatible for Editor in 0.44 ms, found 2 plugins.
Preloading 0 native plugins for Editor in 0.00 ms.
Mono: successfully reloaded assembly
- Completed reload, in  2.204 seconds
Domain Reload Profiling:
	ReloadAssembly (2205ms)
		BeginReloadAssembly (221ms)
			ExecutionOrderSort (0ms)
			DisableScriptedObjects (33ms)
			BackupInstance (0ms)
			ReleaseScriptingObjects (0ms)
			CreateAndSetChildDomain (60ms)
		EndReloadAssembly (1891ms)
			LoadAssemblies (200ms)
			RebuildTransferFunctionScriptingTraits (0ms)
			SetupTypeCache (335ms)
			ReleaseScriptCaches (1ms)
			RebuildScriptCaches (47ms)
			SetupLoadedEditorAssemblies (1052ms)
				LogAssemblyErrors (0ms)
				InitializePlatformSupportModulesInManaged (15ms)
				SetLoadedEditorAssemblies (1ms)
				RefreshPlugins (0ms)
				BeforeProcessingInitializeOnLoad (205ms)
				ProcessInitializeOnLoadAttributes (802ms)
				ProcessInitializeOnLoadMethodAttributes (27ms)
				AfterProcessingInitializeOnLoad (1ms)
				EditorAssembliesLoaded (0ms)
			ExecutionOrderSort2 (0ms)
			AwakeInstancesAfterBackupRestoration (33ms)
Platform modules already initialized, skipping
Refreshing native plugins compatible for Editor in 0.47 ms, found 2 plugins.
Preloading 0 native plugins for Editor in 0.00 ms.
Unloading 1889 Unused Serialized files (Serialized files now loaded: 0)
System memory in use before: 206.1 MB.
System memory in use after: 206.1 MB.

Unloading 17 unused Assets to reduce memory usage. Loaded Objects now: 2393.
Total: 1.747708 ms (FindLiveObjects: 0.168750 ms CreateObjectMapping: 0.039666 ms MarkObjects: 1.437334 ms  DeleteObjects: 0.101084 ms)

AssetImportParameters requested are different than current active one (requested -> active):
  custom:video-decoder-ogg-theora: a1e56fd34408186e4bbccfd4996cb3dc -> 
  custom:container-muxer-webm: aa71ff27fc2769a1b78a27578f13a17b -> 
  custom:container-demuxer-webm: 4f35f7cbe854078d1ac9338744f61a02 -> 
  custom:container-demuxer-ogg: 62fdf1f143b41e24485cea50d1cbac27 -> 
  custom:video-encoder-webm-vp8: eb34c28f22e8b96e1ab97ce403110664 -> 
  custom:framework-osx-AVFoundation: e770b220cccbd017edd2c1fefb359320 -> 
  custom:video-decoder-webm-vp8: 9c59270c3fd7afecdb556c50c9e8de78 -> 
  custom:audio-decoder-ogg-vorbis: bf7c407c2cedff20999df2af8eb42d56 -> 
  custom:audio-encoder-webm-vorbis: bf7c407c2cedff20999df2af8eb42d56 -> 
========================================================================
Received Prepare
Registering precompiled user dll's ...
Registered in 0.002579 seconds.
Begin MonoManager ReloadAssembly
Native extension for OSXStandalone target not found
Refreshing native plugins compatible for Editor in 0.52 ms, found 2 plugins.
Preloading 0 native plugins for Editor in 0.00 ms.
Mono: successfully reloaded assembly
- Completed reload, in  2.126 seconds
Domain Reload Profiling:
	ReloadAssembly (2127ms)
		BeginReloadAssembly (211ms)
			ExecutionOrderSort (0ms)
			DisableScriptedObjects (31ms)
			BackupInstance (0ms)
			ReleaseScriptingObjects (0ms)
			CreateAndSetChildDomain (58ms)
		EndReloadAssembly (1822ms)
			LoadAssemblies (194ms)
			RebuildTransferFunctionScriptingTraits (0ms)
			SetupTypeCache (340ms)
			ReleaseScriptCaches (1ms)
			RebuildScriptCaches (49ms)
			SetupLoadedEditorAssemblies (990ms)
				LogAssemblyErrors (0ms)
				InitializePlatformSupportModulesInManaged (15ms)
				SetLoadedEditorAssemblies (1ms)
				RefreshPlugins (1ms)
				BeforeProcessingInitializeOnLoad (193ms)
				ProcessInitializeOnLoadAttributes (754ms)
				ProcessInitializeOnLoadMethodAttributes (26ms)
				AfterProcessingInitializeOnLoad (1ms)
				EditorAssembliesLoaded (0ms)
			ExecutionOrderSort2 (0ms)
			AwakeInstancesAfterBackupRestoration (32ms)
Platform modules already initialized, skipping
Refreshing native plugins compatible for Editor in 0.45 ms, found 2 plugins.
Preloading 0 native plugins for Editor in 0.00 ms.
Unloading 1889 Unused Serialized files (Serialized files now loaded: 0)
System memory in use before: 206.4 MB.
System memory in use after: 206.4 MB.

Unloading 17 unused Assets to reduce memory usage. Loaded Objects now: 2395.
Total: 1.629041 ms (FindLiveObjects: 0.136875 ms CreateObjectMapping: 0.038541 ms MarkObjects: 1.378417 ms  DeleteObjects: 0.074500 ms)

AssetImportParameters requested are different than current active one (requested -> active):
  custom:video-decoder-ogg-theora: a1e56fd34408186e4bbccfd4996cb3dc -> 
  custom:container-muxer-webm: aa71ff27fc2769a1b78a27578f13a17b -> 
  custom:container-demuxer-webm: 4f35f7cbe854078d1ac9338744f61a02 -> 
  custom:container-demuxer-ogg: 62fdf1f143b41e24485cea50d1cbac27 -> 
  custom:video-encoder-webm-vp8: eb34c28f22e8b96e1ab97ce403110664 -> 
  custom:framework-osx-AVFoundation: e770b220cccbd017edd2c1fefb359320 -> 
  custom:video-decoder-webm-vp8: 9c59270c3fd7afecdb556c50c9e8de78 -> 
  custom:audio-decoder-ogg-vorbis: bf7c407c2cedff20999df2af8eb42d56 -> 
  custom:audio-encoder-webm-vorbis: bf7c407c2cedff20999df2af8eb42d56 -> 
========================================================================
Received Import Request.
  Time since last request: 2043.862642 seconds.
  path: Assets/Scenes/LevelDesignDemo.unity
  artifactKey: Guid(7a2b7a65fa1024915969a89f9e95882c) Importer(815301076,1909f56bfc062723c751e8b465ee728b)
Start importing Assets/Scenes/LevelDesignDemo.unity using Guid(7a2b7a65fa1024915969a89f9e95882c) Importer(815301076,1909f56bfc062723c751e8b465ee728b)  -> (artifact id: '957222af78003b98fd9246df856d038a') in 0.014204 seconds 
  Import took 0.016659 seconds .

========================================================================
Received Import Request.
  Time since last request: 0.033797 seconds.
  path: Assets/Scenes/LevelDesignDemo.unity
  artifactKey: Guid(7a2b7a65fa1024915969a89f9e95882c) Importer(815301076,1909f56bfc062723c751e8b465ee728b)
Start importing Assets/Scenes/LevelDesignDemo.unity using Guid(7a2b7a65fa1024915969a89f9e95882c) Importer(815301076,1909f56bfc062723c751e8b465ee728b)  -> (artifact id: '957222af78003b98fd9246df856d038a') in 0.001122 seconds 
  Import took 0.003260 seconds .

